2017-10-29T00:47:11+00:00 CRITICAL Uncaught Error: Call to a member function get_url() on null in /var/www/public/wp-content/plugins/revslider/includes/template.class.php:136
Stack trace:
#0 /var/www/public/wp-content/plugins/revslider/admin/revslider-admin.class.php(112): RevSliderTemplate->_get_template_list()
#1 /var/www/public/wp-content/plugins/revslider/admin/revslider-admin.class.php(44): RevSliderAdmin->init()
#2 /var/www/public/wp-content/plugins/revslider/revslider.php(168): RevSliderAdmin->__construct('/var/www/public...')
#3 /var/www/public/wp-admin/includes/plugin.php(560): include_once('/var/www/public...')
#4 /var/www/public/wp-admin/includes/plugin.php(752): activate_plugin('revslider/revsl...', 'http://cenasass...', false, false)
#5 /var/www/public/wp-admin/plugins.php(99): activate_plugins(Array, 'http://cenasass...', false)
#6 {main}
  thrown

2017-10-29T00:47:19+00:00 CRITICAL Uncaught Error: Call to a member function get_url() on null in /var/www/public/wp-content/plugins/revslider/includes/object-library.class.php:62
Stack trace:
#0 /var/www/public/wp-content/plugins/revslider/admin/revslider-admin.class.php(118): RevSliderObjectLibrary->_get_list()
#1 /var/www/public/wp-content/plugins/revslider/admin/revslider-admin.class.php(44): RevSliderAdmin->init()
#2 /var/www/public/wp-content/plugins/revslider/revslider.php(168): RevSliderAdmin->__construct('/var/www/public...')
#3 /var/www/public/wp-admin/includes/plugin.php(1882): include('/var/www/public...')
#4 /var/www/public/wp-admin/plugins.php(164): plugin_sandbox_scrape('revslider/revsl...')
#5 {main}
  thrown

2017-11-22T22:25:23+00:00 CRITICAL Uncaught Error: Call to a member function get_image() on boolean in /var/www/public/wp-content/themes/cenas-assinadas/search.php:37
Stack trace:
#0 /var/www/public/wp-includes/template-loader.php(74): include()
#1 /var/www/public/wp-blog-header.php(19): require_once('/var/www/public...')
#2 /var/www/public/index.php(17): require('/var/www/public...')
#3 {main}
  thrown

2017-11-29T06:05:06+00:00 CRITICAL Uncaught Error: Class 'DOMDocument' not found in /var/www/public/wp-content/plugins/woocommerce-correios/includes/wc-correios-functions.php:31
Stack trace:
#0 /var/www/public/wp-content/plugins/woocommerce-correios/includes/class-wc-correios-webservice.php(560): wc_correios_safe_load_xml('<?xml version="...', 16384)
#1 /var/www/public/wp-content/plugins/woocommerce-correios/includes/abstracts/abstract-wc-correios-shipping.php(414): WC_Correios_Webservice->get_shipping()
#2 /var/www/public/wp-content/plugins/woocommerce-correios/includes/abstracts/abstract-wc-correios-shipping.php(502): WC_Correios_Shipping->get_rate(Array)
#3 /var/www/public/wp-content/plugins/woocommerce/includes/abstracts/abstract-wc-shipping-method.php(207): WC_Correios_Shipping->calculate_shipping(Array)
#4 /var/www/public/wp-content/plugins/woocommerce/includes/class-wc-shipping.php(325): WC_Shipping_Method->get_rates_for_package(Array)
#5 /var/www/public/wp-content/plugins/woocommerce/includes/class-wc-shipping.php(262): WC_Shipping->ca

2017-11-29T06:05:22+00:00 CRITICAL Uncaught Error: Class 'DOMDocument' not found in /var/www/public/wp-content/plugins/woocommerce-correios/includes/wc-correios-functions.php:31
Stack trace:
#0 /var/www/public/wp-content/plugins/woocommerce-correios/includes/class-wc-correios-webservice.php(560): wc_correios_safe_load_xml('<?xml version="...', 16384)
#1 /var/www/public/wp-content/plugins/woocommerce-correios/includes/abstracts/abstract-wc-correios-shipping.php(414): WC_Correios_Webservice->get_shipping()
#2 /var/www/public/wp-content/plugins/woocommerce-correios/includes/abstracts/abstract-wc-correios-shipping.php(502): WC_Correios_Shipping->get_rate(Array)
#3 /var/www/public/wp-content/plugins/woocommerce/includes/abstracts/abstract-wc-shipping-method.php(207): WC_Correios_Shipping->calculate_shipping(Array)
#4 /var/www/public/wp-content/plugins/woocommerce/includes/class-wc-shipping.php(325): WC_Shipping_Method->get_rates_for_package(Array)
#5 /var/www/public/wp-content/plugins/woocommerce/includes/class-wc-shipping.php(262): WC_Shipping->ca

2017-11-29T06:56:13+00:00 CRITICAL Uncaught Error: Class 'DOMDocument' not found in /var/www/public/wp-content/plugins/woocommerce-correios/includes/wc-correios-functions.php:31
Stack trace:
#0 /var/www/public/wp-content/plugins/woocommerce-correios/includes/class-wc-correios-webservice.php(560): wc_correios_safe_load_xml('<?xml version="...', 16384)
#1 /var/www/public/wp-content/plugins/woocommerce-correios/includes/abstracts/abstract-wc-correios-shipping.php(414): WC_Correios_Webservice->get_shipping()
#2 /var/www/public/wp-content/plugins/woocommerce-correios/includes/abstracts/abstract-wc-correios-shipping.php(502): WC_Correios_Shipping->get_rate(Array)
#3 /var/www/public/wp-content/plugins/woocommerce/includes/abstracts/abstract-wc-shipping-method.php(207): WC_Correios_Shipping->calculate_shipping(Array)
#4 /var/www/public/wp-content/plugins/woocommerce/includes/class-wc-shipping.php(325): WC_Shipping_Method->get_rates_for_package(Array)
#5 /var/www/public/wp-content/plugins/woocommerce/includes/class-wc-shipping.php(262): WC_Shipping->ca

2017-11-29T06:56:18+00:00 CRITICAL Uncaught Error: Class 'DOMDocument' not found in /var/www/public/wp-content/plugins/woocommerce-correios/includes/wc-correios-functions.php:31
Stack trace:
#0 /var/www/public/wp-content/plugins/woocommerce-correios/includes/class-wc-correios-webservice.php(560): wc_correios_safe_load_xml('<?xml version="...', 16384)
#1 /var/www/public/wp-content/plugins/woocommerce-correios/includes/abstracts/abstract-wc-correios-shipping.php(414): WC_Correios_Webservice->get_shipping()
#2 /var/www/public/wp-content/plugins/woocommerce-correios/includes/abstracts/abstract-wc-correios-shipping.php(502): WC_Correios_Shipping->get_rate(Array)
#3 /var/www/public/wp-content/plugins/woocommerce/includes/abstracts/abstract-wc-shipping-method.php(207): WC_Correios_Shipping->calculate_shipping(Array)
#4 /var/www/public/wp-content/plugins/woocommerce/includes/class-wc-shipping.php(325): WC_Shipping_Method->get_rates_for_package(Array)
#5 /var/www/public/wp-content/plugins/woocommerce/includes/class-wc-shipping.php(262): WC_Shipping->ca

2017-11-29T06:59:29+00:00 CRITICAL Uncaught Error: Class 'DOMDocument' not found in /var/www/public/wp-content/plugins/woocommerce-correios/includes/wc-correios-functions.php:31
Stack trace:
#0 /var/www/public/wp-content/plugins/woocommerce-correios/includes/class-wc-correios-webservice.php(560): wc_correios_safe_load_xml('<?xml version="...', 16384)
#1 /var/www/public/wp-content/plugins/woocommerce-correios/includes/abstracts/abstract-wc-correios-shipping.php(414): WC_Correios_Webservice->get_shipping()
#2 /var/www/public/wp-content/plugins/woocommerce-correios/includes/abstracts/abstract-wc-correios-shipping.php(502): WC_Correios_Shipping->get_rate(Array)
#3 /var/www/public/wp-content/plugins/woocommerce/includes/abstracts/abstract-wc-shipping-method.php(207): WC_Correios_Shipping->calculate_shipping(Array)
#4 /var/www/public/wp-content/plugins/woocommerce/includes/class-wc-shipping.php(325): WC_Shipping_Method->get_rates_for_package(Array)
#5 /var/www/public/wp-content/plugins/woocommerce/includes/class-wc-shipping.php(262): WC_Shipping->ca

2017-11-29T07:02:42+00:00 CRITICAL Uncaught Error: Class 'DOMDocument' not found in /var/www/public/wp-content/plugins/woocommerce-correios/includes/wc-correios-functions.php:31
Stack trace:
#0 /var/www/public/wp-content/plugins/woocommerce-correios/includes/class-wc-correios-webservice.php(560): wc_correios_safe_load_xml('<?xml version="...', 16384)
#1 /var/www/public/wp-content/plugins/woocommerce-correios/includes/abstracts/abstract-wc-correios-shipping.php(414): WC_Correios_Webservice->get_shipping()
#2 /var/www/public/wp-content/plugins/woocommerce-correios/includes/abstracts/abstract-wc-correios-shipping.php(502): WC_Correios_Shipping->get_rate(Array)
#3 /var/www/public/wp-content/plugins/woocommerce/includes/abstracts/abstract-wc-shipping-method.php(207): WC_Correios_Shipping->calculate_shipping(Array)
#4 /var/www/public/wp-content/plugins/woocommerce/includes/class-wc-shipping.php(325): WC_Shipping_Method->get_rates_for_package(Array)
#5 /var/www/public/wp-content/plugins/woocommerce/includes/class-wc-shipping.php(262): WC_Shipping->ca

2017-11-29T07:02:47+00:00 CRITICAL Uncaught Error: Class 'DOMDocument' not found in /var/www/public/wp-content/plugins/woocommerce-correios/includes/wc-correios-functions.php:31
Stack trace:
#0 /var/www/public/wp-content/plugins/woocommerce-correios/includes/class-wc-correios-webservice.php(560): wc_correios_safe_load_xml('<?xml version="...', 16384)
#1 /var/www/public/wp-content/plugins/woocommerce-correios/includes/abstracts/abstract-wc-correios-shipping.php(414): WC_Correios_Webservice->get_shipping()
#2 /var/www/public/wp-content/plugins/woocommerce-correios/includes/abstracts/abstract-wc-correios-shipping.php(502): WC_Correios_Shipping->get_rate(Array)
#3 /var/www/public/wp-content/plugins/woocommerce/includes/abstracts/abstract-wc-shipping-method.php(207): WC_Correios_Shipping->calculate_shipping(Array)
#4 /var/www/public/wp-content/plugins/woocommerce/includes/class-wc-shipping.php(325): WC_Shipping_Method->get_rates_for_package(Array)
#5 /var/www/public/wp-content/plugins/woocommerce/includes/class-wc-shipping.php(262): WC_Shipping->ca

2017-11-29T07:03:10+00:00 CRITICAL Uncaught Error: Class 'DOMDocument' not found in /var/www/public/wp-content/plugins/woocommerce-correios/includes/wc-correios-functions.php:31
Stack trace:
#0 /var/www/public/wp-content/plugins/woocommerce-correios/includes/class-wc-correios-webservice.php(560): wc_correios_safe_load_xml('<?xml version="...', 16384)
#1 /var/www/public/wp-content/plugins/woocommerce-correios/includes/abstracts/abstract-wc-correios-shipping.php(414): WC_Correios_Webservice->get_shipping()
#2 /var/www/public/wp-content/plugins/woocommerce-correios/includes/abstracts/abstract-wc-correios-shipping.php(502): WC_Correios_Shipping->get_rate(Array)
#3 /var/www/public/wp-content/plugins/woocommerce/includes/abstracts/abstract-wc-shipping-method.php(207): WC_Correios_Shipping->calculate_shipping(Array)
#4 /var/www/public/wp-content/plugins/woocommerce/includes/class-wc-shipping.php(325): WC_Shipping_Method->get_rates_for_package(Array)
#5 /var/www/public/wp-content/plugins/woocommerce/includes/class-wc-shipping.php(262): WC_Shipping->ca

2017-11-29T07:06:51+00:00 CRITICAL Uncaught Error: Class 'DOMDocument' not found in /var/www/public/wp-content/plugins/woocommerce-correios/includes/wc-correios-functions.php:31
Stack trace:
#0 /var/www/public/wp-content/plugins/woocommerce-correios/includes/class-wc-correios-webservice.php(560): wc_correios_safe_load_xml('<?xml version="...', 16384)
#1 /var/www/public/wp-content/plugins/woocommerce-correios/includes/abstracts/abstract-wc-correios-shipping.php(414): WC_Correios_Webservice->get_shipping()
#2 /var/www/public/wp-content/plugins/woocommerce-correios/includes/abstracts/abstract-wc-correios-shipping.php(502): WC_Correios_Shipping->get_rate(Array)
#3 /var/www/public/wp-content/plugins/woocommerce/includes/abstracts/abstract-wc-shipping-method.php(207): WC_Correios_Shipping->calculate_shipping(Array)
#4 /var/www/public/wp-content/plugins/woocommerce/includes/class-wc-shipping.php(325): WC_Shipping_Method->get_rates_for_package(Array)
#5 /var/www/public/wp-content/plugins/woocommerce/includes/class-wc-shipping.php(262): WC_Shipping->ca

2017-11-29T07:06:57+00:00 CRITICAL Uncaught Error: Class 'DOMDocument' not found in /var/www/public/wp-content/plugins/woocommerce-correios/includes/wc-correios-functions.php:31
Stack trace:
#0 /var/www/public/wp-content/plugins/woocommerce-correios/includes/class-wc-correios-webservice.php(560): wc_correios_safe_load_xml('<?xml version="...', 16384)
#1 /var/www/public/wp-content/plugins/woocommerce-correios/includes/abstracts/abstract-wc-correios-shipping.php(414): WC_Correios_Webservice->get_shipping()
#2 /var/www/public/wp-content/plugins/woocommerce-correios/includes/abstracts/abstract-wc-correios-shipping.php(502): WC_Correios_Shipping->get_rate(Array)
#3 /var/www/public/wp-content/plugins/woocommerce/includes/abstracts/abstract-wc-shipping-method.php(207): WC_Correios_Shipping->calculate_shipping(Array)
#4 /var/www/public/wp-content/plugins/woocommerce/includes/class-wc-shipping.php(325): WC_Shipping_Method->get_rates_for_package(Array)
#5 /var/www/public/wp-content/plugins/woocommerce/includes/class-wc-shipping.php(262): WC_Shipping->ca

2017-11-29T07:08:42+00:00 CRITICAL Uncaught Error: Class 'DOMDocument' not found in /var/www/public/wp-content/plugins/woocommerce-correios/includes/wc-correios-functions.php:31
Stack trace:
#0 /var/www/public/wp-content/plugins/woocommerce-correios/includes/class-wc-correios-webservice.php(560): wc_correios_safe_load_xml('<?xml version="...', 16384)
#1 /var/www/public/wp-content/plugins/woocommerce-correios/includes/abstracts/abstract-wc-correios-shipping.php(414): WC_Correios_Webservice->get_shipping()
#2 /var/www/public/wp-content/plugins/woocommerce-correios/includes/abstracts/abstract-wc-correios-shipping.php(502): WC_Correios_Shipping->get_rate(Array)
#3 /var/www/public/wp-content/plugins/woocommerce/includes/abstracts/abstract-wc-shipping-method.php(207): WC_Correios_Shipping->calculate_shipping(Array)
#4 /var/www/public/wp-content/plugins/woocommerce/includes/class-wc-shipping.php(325): WC_Shipping_Method->get_rates_for_package(Array)
#5 /var/www/public/wp-content/plugins/woocommerce/includes/class-wc-shipping.php(262): WC_Shipping->ca

2017-11-29T07:08:52+00:00 CRITICAL Uncaught Error: Class 'DOMDocument' not found in /var/www/public/wp-content/plugins/woocommerce-correios/includes/wc-correios-functions.php:31
Stack trace:
#0 /var/www/public/wp-content/plugins/woocommerce-correios/includes/class-wc-correios-webservice.php(560): wc_correios_safe_load_xml('<?xml version="...', 16384)
#1 /var/www/public/wp-content/plugins/woocommerce-correios/includes/abstracts/abstract-wc-correios-shipping.php(414): WC_Correios_Webservice->get_shipping()
#2 /var/www/public/wp-content/plugins/woocommerce-correios/includes/abstracts/abstract-wc-correios-shipping.php(502): WC_Correios_Shipping->get_rate(Array)
#3 /var/www/public/wp-content/plugins/woocommerce/includes/abstracts/abstract-wc-shipping-method.php(207): WC_Correios_Shipping->calculate_shipping(Array)
#4 /var/www/public/wp-content/plugins/woocommerce/includes/class-wc-shipping.php(325): WC_Shipping_Method->get_rates_for_package(Array)
#5 /var/www/public/wp-content/plugins/woocommerce/includes/class-wc-shipping.php(262): WC_Shipping->ca

2017-11-29T07:12:14+00:00 CRITICAL Uncaught Error: Class 'DOMDocument' not found in /var/www/public/wp-content/plugins/woocommerce-correios/includes/wc-correios-functions.php:31
Stack trace:
#0 /var/www/public/wp-content/plugins/woocommerce-correios/includes/class-wc-correios-webservice.php(560): wc_correios_safe_load_xml('<?xml version="...', 16384)
#1 /var/www/public/wp-content/plugins/woocommerce-correios/includes/abstracts/abstract-wc-correios-shipping.php(414): WC_Correios_Webservice->get_shipping()
#2 /var/www/public/wp-content/plugins/woocommerce-correios/includes/abstracts/abstract-wc-correios-shipping.php(502): WC_Correios_Shipping->get_rate(Array)
#3 /var/www/public/wp-content/plugins/woocommerce/includes/abstracts/abstract-wc-shipping-method.php(207): WC_Correios_Shipping->calculate_shipping(Array)
#4 /var/www/public/wp-content/plugins/woocommerce/includes/class-wc-shipping.php(325): WC_Shipping_Method->get_rates_for_package(Array)
#5 /var/www/public/wp-content/plugins/woocommerce/includes/class-wc-shipping.php(262): WC_Shipping->ca

2017-11-29T07:14:36+00:00 CRITICAL Uncaught Error: Class 'DOMDocument' not found in /var/www/public/wp-content/plugins/woocommerce-correios/includes/wc-correios-functions.php:31
Stack trace:
#0 /var/www/public/wp-content/plugins/woocommerce-correios/includes/class-wc-correios-webservice.php(560): wc_correios_safe_load_xml('<?xml version="...', 16384)
#1 /var/www/public/wp-content/plugins/woocommerce-correios/includes/abstracts/abstract-wc-correios-shipping.php(414): WC_Correios_Webservice->get_shipping()
#2 /var/www/public/wp-content/plugins/woocommerce-correios/includes/abstracts/abstract-wc-correios-shipping.php(502): WC_Correios_Shipping->get_rate(Array)
#3 /var/www/public/wp-content/plugins/woocommerce/includes/abstracts/abstract-wc-shipping-method.php(207): WC_Correios_Shipping->calculate_shipping(Array)
#4 /var/www/public/wp-content/plugins/woocommerce/includes/class-wc-shipping.php(325): WC_Shipping_Method->get_rates_for_package(Array)
#5 /var/www/public/wp-content/plugins/woocommerce/includes/class-wc-shipping.php(262): WC_Shipping->ca

2017-11-29T08:04:34+00:00 CRITICAL Uncaught Error: Class 'DOMDocument' not found in /var/www/public/wp-content/plugins/woocommerce-correios/includes/wc-correios-functions.php:31
Stack trace:
#0 /var/www/public/wp-content/plugins/woocommerce-correios/includes/class-wc-correios-webservice.php(560): wc_correios_safe_load_xml('<?xml version="...', 16384)
#1 /var/www/public/wp-content/plugins/woocommerce-correios/includes/abstracts/abstract-wc-correios-shipping.php(414): WC_Correios_Webservice->get_shipping()
#2 /var/www/public/wp-content/plugins/woocommerce-correios/includes/abstracts/abstract-wc-correios-shipping.php(502): WC_Correios_Shipping->get_rate(Array)
#3 /var/www/public/wp-content/plugins/woocommerce/includes/abstracts/abstract-wc-shipping-method.php(207): WC_Correios_Shipping->calculate_shipping(Array)
#4 /var/www/public/wp-content/plugins/woocommerce/includes/class-wc-shipping.php(325): WC_Shipping_Method->get_rates_for_package(Array)
#5 /var/www/public/wp-content/plugins/woocommerce/includes/class-wc-shipping.php(262): WC_Shipping->ca

